This is pdfTeX, Version 3.1415926-2.5-1.40.14 (TeX Live 2013/Debian) (format=pdflatex 2014.11.14)  4 JAN 2015 15:14
entering extended mode
 restricted \write18 enabled.
 %&-line parsing enabled.
**owca_cala.tex -recorder
(./owca_cala.tex
LaTeX2e <2011/06/27>
Babel <3.9h> and hyphenation patterns for 3 languages loaded.
(/usr/share/texlive/texmf-dist/tex/latex/subfiles/subfiles.cls
Document Class: subfiles 2012/05/23 Federico Garcia
(/usr/share/texlive/texmf-dist/tex/latex/tools/verbatim.sty
Package: verbatim 2003/08/22 v1.5q LaTeX2e package for verbatim enhancements
\every@verbatim=\toks14
\verbatim@line=\toks15
\verbatim@in@stream=\read1
)
Preamble taken from file `KNIGA.tex'
(./KNIGA.tex

! LaTeX Error: File `sou_cook.cls' not found.

Type X to quit or <RETURN> to proceed,
or enter new name. (Default extension: cls)

Enter file name: 
! Emergency stop.
<read *> 
         
l.2 \setcounter
               {secnumdepth}{-1}%wyłącza numery sekcji, podsekcji i tak da...
*** (cannot \read from terminal in nonstop modes)

 
Here is how much of TeX's memory you used:
 56 strings out of 494993
 1090 string characters out of 6180620
 46063 words of memory out of 5000000
 3356 multiletter control sequences out of 15000+600000
 3640 words of font info for 14 fonts, out of 8000000 for 9000
 34 hyphenation exceptions out of 8191
 18i,0n,17p,194b,16s stack positions out of 5000i,500n,10000p,200000b,80000s
!  ==> Fatal error occurred, no output PDF file produced!
